--------------- Build Started: 04/20/2018 08:02:54 Project: PSOC_Mid, Configuration: ARM GCC 5.4-2016-q2-update Debug ---------------
The code generation step is up to date.
arm-none-eabi-gcc.exe -mcpu=cortex-m0 -mthumb -I. -IGenerated_Source\PSoC4 -Wa,-alh=.\CortexM0\ARM_GCC_541\Debug/main.lst -g -D DEBUG -D CY_CORE_ID=0 -Wall -ffunction-sections -ffat-lto-objects -Og -c main.c -o .\CortexM0\ARM_GCC_541\Debug\main.o
main.c: In function 'main':
main.c:25:12: warning: unused variable 'status' [-Wunused-variable]
     uint32 status;
            ^
main.c: At top level:
main.c:64:15: warning: 'SPIS_WaitForCommand' defined but not used [-Wunused-function]
 static uint32 SPIS_WaitForCommand(void)
               ^
main.c:88:13: warning: 'SPIS_CleanupAfterRead' defined but not used [-Wunused-function]
 static void SPIS_CleanupAfterRead(void)
             ^
main.c: In function 'ExecuteCommand':
main.c:190:12: warning: 'status' is used uninitialized in this function [-Wuninitialized]
     return (status);
            ^
arm-none-eabi-ar.exe -rs .\CortexM0\ARM_GCC_541\Debug\PSOC_Mid.a .\CortexM0\ARM_GCC_541\Debug\StripLights.o .\CortexM0\ARM_GCC_541\Debug\StripLights_fonts.o .\CortexM0\ARM_GCC_541\Debug\S0.o .\CortexM0\ARM_GCC_541\Debug\S0_PM.o .\CortexM0\ARM_GCC_541\Debug\SW1.o .\CortexM0\ARM_GCC_541\Debug\SW1_PM.o .\CortexM0\ARM_GCC_541\Debug\StripLights_HFCLK.o .\CortexM0\ARM_GCC_541\Debug\StripLights_cisr.o .\CortexM0\ARM_GCC_541\Debug\StripLights_fisr.o .\CortexM0\ARM_GCC_541\Debug\StripLights_StringSel.o .\CortexM0\ARM_GCC_541\Debug\StripLights_StringSel_PM.o .\CortexM0\ARM_GCC_541\Debug\CyFlash.o .\CortexM0\ARM_GCC_541\Debug\CyLib.o .\CortexM0\ARM_GCC_541\Debug\cyPm.o .\CortexM0\ARM_GCC_541\Debug\cyutils.o .\CortexM0\ARM_GCC_541\Debug\CyLFClk.o .\CortexM0\ARM_GCC_541\Debug\SPIS.o .\CortexM0\ARM_GCC_541\Debug\SPIS_SPI_UART.o .\CortexM0\ARM_GCC_541\Debug\SPIS_PM.o .\CortexM0\ARM_GCC_541\Debug\SPIS_SPI.o .\CortexM0\ARM_GCC_541\Debug\SPIS_BOOT.o .\CortexM0\ARM_GCC_541\Debug\SPIS_SPI_BOOT.o .\CortexM0\ARM_GCC_541\Debug\SPIS_SCBCLK.o .\CortexM0\ARM_GCC_541\Debug\SPIS_ss_s.o .\CortexM0\ARM_GCC_541\Debug\SPIS_ss_s_PM.o .\CortexM0\ARM_GCC_541\Debug\SPIS_miso_s.o .\CortexM0\ARM_GCC_541\Debug\SPIS_miso_s_PM.o .\CortexM0\ARM_GCC_541\Debug\SPIS_sclk_s.o .\CortexM0\ARM_GCC_541\Debug\SPIS_sclk_s_PM.o .\CortexM0\ARM_GCC_541\Debug\SPIS_mosi_s.o .\CortexM0\ARM_GCC_541\Debug\SPIS_mosi_s_PM.o .\CortexM0\ARM_GCC_541\Debug\CyBootAsmGnu.o
arm-none-eabi-ar.exe: creating .\CortexM0\ARM_GCC_541\Debug\PSOC_Mid.a
arm-none-eabi-gcc.exe -Wl,--start-group -o C:\Users\Keith\Desktop\PSOC_Mid.cydsn\CortexM0\ARM_GCC_541\Debug\PSOC_Mid.elf .\CortexM0\ARM_GCC_541\Debug\main.o .\CortexM0\ARM_GCC_541\Debug\cyfitter_cfg.o .\CortexM0\ARM_GCC_541\Debug\cymetadata.o .\CortexM0\ARM_GCC_541\Debug\Cm0Start.o .\CortexM0\ARM_GCC_541\Debug\PSOC_Mid.a "C:\Program Files (x86)\Cypress\PSoC Creator\4.1\PSoC Creator\psoc\content\cycomponentlibrary\CyComponentLibrary.cylib\CortexM0\ARM_GCC_541\Debug\CyComponentLibrary.a" -mcpu=cortex-m0 -mthumb -L Generated_Source\PSoC4 -Wl,-Map,.\CortexM0\ARM_GCC_541\Debug/PSOC_Mid.map -T Generated_Source\PSoC4\cm0gcc.ld -specs=nano.specs -Wl,--gc-sections -g -ffunction-sections -Og -ffat-lto-objects -Wl,--end-group
cyelftool.exe -C C:\Users\Keith\Desktop\PSOC_Mid.cydsn\CortexM0\ARM_GCC_541\Debug\PSOC_Mid.elf --flash_row_size 128 --flash_size 32768 --flash_offset 0x00000000
cyelftool.exe -S C:\Users\Keith\Desktop\PSOC_Mid.cydsn\CortexM0\ARM_GCC_541\Debug\PSOC_Mid.elf
Flash used: 5128 of 32768 bytes (15.6%).
SRAM used: 3800 of 4096 bytes (92.8%). Stack: 1024 bytes. Heap: 128 bytes.
--------------- Build Succeeded: 04/20/2018 08:02:56 ---------------
