Loading plugins phase: Elapsed time ==> 0s.647ms
<CYPRESSTAG name="CyDsfit arguments...">
cydsfit arguments: -.fdsnotice -.fdswarpdepfile=warp_dependencies.txt -.fdselabdepfile=elab_dependencies.txt -.fdsbldfile=generated_files.txt -.fdsreffile=referenced_files.txt -p C:\Users\Keith\Desktop\PSOC_Top.cydsn\PSOC_Top.cyprj -d CY8C4245AXI-483 -s C:\Users\Keith\Desktop\PSOC_Top.cydsn\Generated_Source\PSoC4 -- -yv2 -q10 -ygs -o2 -v3 -.fftcfgtype=LE
</CYPRESSTAG>
<CYPRESSTAG name="Design elaboration results...">
</CYPRESSTAG>
Elaboration phase: Elapsed time ==> 6s.362ms
<CYPRESSTAG name="HDL generation results...">
</CYPRESSTAG>
HDL generation phase: Elapsed time ==> 0s.161ms
<CYPRESSTAG name="Synthesis results...">

     | | | | | | |
   _________________
  -|               |-
  -|               |-
  -|               |-
  -|    CYPRESS    |-
  -|               |-
  -|               |-   Warp Verilog Synthesis Compiler: Version 6.3 IR 41
  -|               |-   Copyright (C) 1991-2001 Cypress Semiconductor
   |_______________|
     | | | | | | |

======================================================================
Compiling:  PSOC_Top.v
Program  :   C:\Program Files (x86)\Cypress\PSoC Creator\4.1\PSoC Creator\warp\bin\warp.exe
Options  :    -yv2 -q10 -ygs -o2 -v3 -.fftcfgtype=LE -ya -.fftprj=C:\Users\Keith\Desktop\PSOC_Top.cydsn\PSOC_Top.cyprj -dcpsoc3 PSOC_Top.v -verilog
======================================================================

======================================================================
Compiling:  PSOC_Top.v
Program  :   C:\Program Files (x86)\Cypress\PSoC Creator\4.1\PSoC Creator\warp\bin\warp.exe
Options  :    -yv2 -q10 -ygs -o2 -v3 -.fftcfgtype=LE -ya -.fftprj=C:\Users\Keith\Desktop\PSOC_Top.cydsn\PSOC_Top.cyprj -dcpsoc3 PSOC_Top.v -verilog
======================================================================

======================================================================
Compiling:  PSOC_Top.v
Program  :   vlogfe
Options  :    -yv2 -q10 -ygs -o2 -v3 -.fftcfgtype=LE -ya -.fftprj=C:\Users\Keith\Desktop\PSOC_Top.cydsn\PSOC_Top.cyprj -dcpsoc3 -verilog PSOC_Top.v
======================================================================

vlogfe V6.3 IR 41:  Verilog parser
Thu Apr 19 23:26:55 2018


======================================================================
Compiling:  PSOC_Top.v
Program  :   vpp
Options  :    -yv2 -q10 PSOC_Top.v
======================================================================

vpp V6.3 IR 41:  Verilog Pre-Processor
Thu Apr 19 23:26:55 2018

Flattening file 'C:\Program Files (x86)\Cypress\PSoC Creator\4.1\PSoC Creator\psoc\content\CyPrimitives\cyprimitives.cylib\ZeroTerminal\ZeroTerminal.v'
Flattening file 'C:\Program Files (x86)\Cypress\PSoC Creator\4.1\PSoC Creator\psoc\content\CyPrimitives\cyprimitives.cylib\demux_v1_10\demux_v1_10.v'
Flattening file 'C:\Program Files (x86)\Cypress\PSoC Creator\4.1\PSoC Creator\psoc\content\CyPrimitives\cyprimitives.cylib\CyControlReg_v1_80\CyControlReg_v1_80.v'
Flattening file 'C:\Program Files (x86)\Cypress\PSoC Creator\4.1\PSoC Creator\warp\lib\common\cypress.v'
Flattening file 'C:\Program Files (x86)\Cypress\PSoC Creator\4.1\PSoC Creator\warp\lib\common\cy_psoc3_inc.v'
Flattening file 'C:\Users\Keith\Downloads\FunWithLEDs\FunWithLEDs\WS281xLib.cylib\B_WS2811_v1_3\B_WS2811_v1_3.v'
Flattening file 'C:\Program Files (x86)\Cypress\PSoC Creator\4.1\PSoC Creator\warp\lib\common\cypress.v'
Flattening file 'C:\Program Files (x86)\Cypress\PSoC Creator\4.1\PSoC Creator\psoc\content\CyPrimitives\cyprimitives.cylib\cy_virtualmux_v1_0\cy_virtualmux_v1_0.v'
Flattening file 'C:\Program Files (x86)\Cypress\PSoC Creator\4.1\PSoC Creator\psoc\content\CyPrimitives\cyprimitives.cylib\or_v1_0\or_v1_0.v'

vpp:  No errors.

Library 'work' => directory 'lcpsoc3'
General_symbol_table
General_symbol_table
Linking 'C:\Program Files (x86)\Cypress\PSoC Creator\4.1\PSoC Creator\warp\lib\common\std.vhd'.
Linking 'C:\Program Files (x86)\Cypress\PSoC Creator\4.1\PSoC Creator\warp\lib\common\cypress.vhd'.
Linking 'C:\Program Files (x86)\Cypress\PSoC Creator\4.1\PSoC Creator\warp\lib\common\work\cypress.vif'.
Linking 'C:\Program Files (x86)\Cypress\PSoC Creator\4.1\PSoC Creator\warp\lib\ieee\work\stdlogic.vif'.
Linking 'C:\Program Files (x86)\Cypress\PSoC Creator\4.1\PSoC Creator\warp\lib\common\stdlogic\lpmpkg.vif'.
Linking 'C:\Program Files (x86)\Cypress\PSoC Creator\4.1\PSoC Creator\warp\lib\common\stdlogic\rtlpkg.vif'.
Linking 'C:\Program Files (x86)\Cypress\PSoC Creator\4.1\PSoC Creator\warp\lib\common\stdlogic\mod_cnst.vif'.
Linking 'C:\Program Files (x86)\Cypress\PSoC Creator\4.1\PSoC Creator\warp\lib\common\stdlogic\mod_mthv.vif'.
Linking 'C:\Program Files (x86)\Cypress\PSoC Creator\4.1\PSoC Creator\warp\lib\common\stdlogic\mod_genv.vif'.
Using control file 'PSOC_Top.ctl'.
C:\Users\Keith\Downloads\FunWithLEDs\FunWithLEDs\WS281xLib.cylib\B_WS2811_v1_3\B_WS2811_v1_3.v (line 165, col 50):  Note: Substituting module 'add_vv_vv' for '+'.
Linking 'C:\Program Files (x86)\Cypress\PSoC Creator\4.1\PSoC Creator\warp\lib\common\stdlogic\cy_psoc3pkg.vif'.
Linking 'C:\Program Files (x86)\Cypress\PSoC Creator\4.1\PSoC Creator\warp\lib\common\stdlogic\cy_psoc3.vif'.

vlogfe:  No errors.


======================================================================
Compiling:  PSOC_Top.v
Program  :   tovif
Options  :    -yv2 -q10 -ygs -o2 -v3 -.fftcfgtype=LE -ya -.fftprj=C:\Users\Keith\Desktop\PSOC_Top.cydsn\PSOC_Top.cyprj -dcpsoc3 -verilog PSOC_Top.v
======================================================================

tovif V6.3 IR 41:  High-level synthesis
Thu Apr 19 23:26:55 2018

Linking 'C:\Program Files (x86)\Cypress\PSoC Creator\4.1\PSoC Creator\warp\lib\common\std.vhd'.
Linking 'C:\Program Files (x86)\Cypress\PSoC Creator\4.1\PSoC Creator\warp\lib\common\cypress.vhd'.
Linking 'C:\Program Files (x86)\Cypress\PSoC Creator\4.1\PSoC Creator\warp\lib\common\work\cypress.vif'.
Linking 'C:\Program Files (x86)\Cypress\PSoC Creator\4.1\PSoC Creator\warp\lib\ieee\work\stdlogic.vif'.
Linking 'C:\Program Files (x86)\Cypress\PSoC Creator\4.1\PSoC Creator\warp\lib\common\stdlogic\lpmpkg.vif'.
Linking 'C:\Program Files (x86)\Cypress\PSoC Creator\4.1\PSoC Creator\warp\lib\common\stdlogic\rtlpkg.vif'.
Linking 'C:\Program Files (x86)\Cypress\PSoC Creator\4.1\PSoC Creator\warp\lib\common\stdlogic\mod_cnst.vif'.
Linking 'C:\Program Files (x86)\Cypress\PSoC Creator\4.1\PSoC Creator\warp\lib\common\stdlogic\mod_mthv.vif'.
Linking 'C:\Program Files (x86)\Cypress\PSoC Creator\4.1\PSoC Creator\warp\lib\common\stdlogic\mod_genv.vif'.
Linking 'C:\Users\Keith\Desktop\PSOC_Top.cydsn\codegentemp\PSOC_Top.ctl'.
Linking 'C:\Program Files (x86)\Cypress\PSoC Creator\4.1\PSoC Creator\psoc\content\CyPrimitives\cyprimitives.cylib\ZeroTerminal\ZeroTerminal.v'.
Linking 'C:\Users\Keith\Desktop\PSOC_Top.cydsn\codegentemp\PSOC_Top.v'.
Linking 'C:\Program Files (x86)\Cypress\PSoC Creator\4.1\PSoC Creator\psoc\content\CyPrimitives\cyprimitives.cylib\demux_v1_10\demux_v1_10.v'.
Linking 'C:\Program Files (x86)\Cypress\PSoC Creator\4.1\PSoC Creator\psoc\content\CyPrimitives\cyprimitives.cylib\CyControlReg_v1_80\CyControlReg_v1_80.v'.
Linking 'C:\Program Files (x86)\Cypress\PSoC Creator\4.1\PSoC Creator\warp\lib\common\cypress.v'.
Linking 'C:\Program Files (x86)\Cypress\PSoC Creator\4.1\PSoC Creator\warp\lib\common\cy_psoc3_inc.v'.
Linking 'C:\Users\Keith\Downloads\FunWithLEDs\FunWithLEDs\WS281xLib.cylib\B_WS2811_v1_3\B_WS2811_v1_3.v'.
Linking 'C:\Program Files (x86)\Cypress\PSoC Creator\4.1\PSoC Creator\psoc\content\CyPrimitives\cyprimitives.cylib\cy_virtualmux_v1_0\cy_virtualmux_v1_0.v'.
Linking 'C:\Program Files (x86)\Cypress\PSoC Creator\4.1\PSoC Creator\psoc\content\CyPrimitives\cyprimitives.cylib\or_v1_0\or_v1_0.v'.
Linking 'C:\Program Files (x86)\Cypress\PSoC Creator\4.1\PSoC Creator\warp\lib\common\stdlogic\cy_psoc3pkg.vif'.
Linking 'C:\Program Files (x86)\Cypress\PSoC Creator\4.1\PSoC Creator\warp\lib\common\stdlogic\cy_psoc3.vif'.
Linking 'C:\Program Files (x86)\Cypress\PSoC Creator\4.1\PSoC Creator\warp\lib\lcpsoc3\stdlogic\mod_cnst.vif'.

tovif:  No errors.


======================================================================
Compiling:  PSOC_Top.v
Program  :   topld
Options  :    -yv2 -q10 -ygs -o2 -v3 -.fftcfgtype=LE -ya -.fftprj=C:\Users\Keith\Desktop\PSOC_Top.cydsn\PSOC_Top.cyprj -dcpsoc3 -verilog PSOC_Top.v
======================================================================

topld V6.3 IR 41:  Synthesis and optimization
Thu Apr 19 23:26:55 2018

Linking 'C:\Program Files (x86)\Cypress\PSoC Creator\4.1\PSoC Creator\warp\lib\common\std.vhd'.
Linking 'C:\Program Files (x86)\Cypress\PSoC Creator\4.1\PSoC Creator\warp\lib\common\cypress.vhd'.
Linking 'C:\Program Files (x86)\Cypress\PSoC Creator\4.1\PSoC Creator\warp\lib\common\work\cypress.vif'.
Linking 'C:\Program Files (x86)\Cypress\PSoC Creator\4.1\PSoC Creator\warp\lib\ieee\work\stdlogic.vif'.
Linking 'C:\Program Files (x86)\Cypress\PSoC Creator\4.1\PSoC Creator\warp\lib\common\stdlogic\lpmpkg.vif'.
Linking 'C:\Program Files (x86)\Cypress\PSoC Creator\4.1\PSoC Creator\warp\lib\common\stdlogic\rtlpkg.vif'.
Linking 'C:\Program Files (x86)\Cypress\PSoC Creator\4.1\PSoC Creator\warp\lib\common\stdlogic\mod_cnst.vif'.
Linking 'C:\Program Files (x86)\Cypress\PSoC Creator\4.1\PSoC Creator\warp\lib\common\stdlogic\mod_mthv.vif'.
Linking 'C:\Program Files (x86)\Cypress\PSoC Creator\4.1\PSoC Creator\warp\lib\common\stdlogic\mod_genv.vif'.
Linking 'C:\Users\Keith\Desktop\PSOC_Top.cydsn\codegentemp\PSOC_Top.ctl'.
Linking 'C:\Program Files (x86)\Cypress\PSoC Creator\4.1\PSoC Creator\psoc\content\CyPrimitives\cyprimitives.cylib\ZeroTerminal\ZeroTerminal.v'.
Linking 'C:\Users\Keith\Desktop\PSOC_Top.cydsn\codegentemp\PSOC_Top.v'.
Linking 'C:\Program Files (x86)\Cypress\PSoC Creator\4.1\PSoC Creator\psoc\content\CyPrimitives\cyprimitives.cylib\demux_v1_10\demux_v1_10.v'.
Linking 'C:\Program Files (x86)\Cypress\PSoC Creator\4.1\PSoC Creator\psoc\content\CyPrimitives\cyprimitives.cylib\CyControlReg_v1_80\CyControlReg_v1_80.v'.
Linking 'C:\Program Files (x86)\Cypress\PSoC Creator\4.1\PSoC Creator\warp\lib\common\cypress.v'.
Linking 'C:\Program Files (x86)\Cypress\PSoC Creator\4.1\PSoC Creator\warp\lib\common\cy_psoc3_inc.v'.
Linking 'C:\Users\Keith\Downloads\FunWithLEDs\FunWithLEDs\WS281xLib.cylib\B_WS2811_v1_3\B_WS2811_v1_3.v'.
Linking 'C:\Program Files (x86)\Cypress\PSoC Creator\4.1\PSoC Creator\psoc\content\CyPrimitives\cyprimitives.cylib\cy_virtualmux_v1_0\cy_virtualmux_v1_0.v'.
Linking 'C:\Program Files (x86)\Cypress\PSoC Creator\4.1\PSoC Creator\psoc\content\CyPrimitives\cyprimitives.cylib\or_v1_0\or_v1_0.v'.
Linking 'C:\Program Files (x86)\Cypress\PSoC Creator\4.1\PSoC Creator\warp\lib\common\stdlogic\cy_psoc3pkg.vif'.
Linking 'C:\Program Files (x86)\Cypress\PSoC Creator\4.1\PSoC Creator\warp\lib\common\stdlogic\cy_psoc3.vif'.
Linking 'C:\Program Files (x86)\Cypress\PSoC Creator\4.1\PSoC Creator\warp\lib\lcpsoc3\stdlogic\mod_cnst.vif'.
Linking 'C:\Program Files (x86)\Cypress\PSoC Creator\4.1\PSoC Creator\warp\lib\lcpsoc3\stdlogic\cpsoc3.vif'.

----------------------------------------------------------
Detecting unused logic.
----------------------------------------------------------
    User names
	\StripLights:demux_1:tmp__demux_1_1_reg\
	\StripLights:demux_1:tmp__demux_1_2_reg\
	\StripLights:demux_1:tmp__demux_1_3_reg\
	\StripLights:demux_1:tmp__demux_1_4_reg\
	\StripLights:demux_1:tmp__demux_1_5_reg\
	\StripLights:demux_1:tmp__demux_1_6_reg\
	\StripLights:demux_1:tmp__demux_1_7_reg\
	\StripLights:demux_1:tmp__demux_1_8_reg\
	\StripLights:demux_1:tmp__demux_1_9_reg\
	\StripLights:demux_1:tmp__demux_1_10_reg\
	\StripLights:demux_1:tmp__demux_1_11_reg\
	\StripLights:demux_1:tmp__demux_1_12_reg\
	\StripLights:demux_1:tmp__demux_1_13_reg\
	\StripLights:demux_1:tmp__demux_1_14_reg\
	\StripLights:demux_1:tmp__demux_1_15_reg\
	Net_6
	Net_7
	Net_8
	Net_9
	Net_10
	Net_11
	Net_12
	Net_13
	Net_14
	Net_15
	Net_16
	Net_17
	Net_18
	Net_19
	Net_20
	\StripLights:Net_167\
	\StripLights:StringSel:control_out_4\
	\StripLights:Net_168\
	\StripLights:StringSel:control_out_5\
	\StripLights:Net_169\
	\StripLights:StringSel:control_out_6\
	\StripLights:Net_170\
	\StripLights:StringSel:control_out_7\
	\StripLights:B_WS2811:npwmTC\
	\StripLights:B_WS2811:restart\
	\StripLights:Net_163\
	\StripLights:B_WS2811:MODULE_1:g2:a0:b_2\
	\StripLights:B_WS2811:MODULE_1:g2:a0:b_1\
	\StripLights:B_WS2811:MODULE_1:g2:a0:b_0\
	\SPIS:Net_1257\
	\SPIS:uncfg_rx_irq\
	\SPIS:Net_1099\
	\SPIS:Net_1258\
	Net_31
	Net_32
	Net_41
	Net_42
	Net_43
	Net_44
	Net_45
	Net_46
	Net_47


Deleted 57 User equations/components.
Deleted 0 Synthesized equations/components.

------------------------------------------------------
Alias Detection
------------------------------------------------------
Aliasing \StripLights:StringSel:clk\ to \StripLights:Net_7\
Aliasing \StripLights:StringSel:rst\ to \StripLights:Net_7\
Aliasing zero to \StripLights:Net_7\
Aliasing \StripLights:B_WS2811:status_5\ to \StripLights:Net_7\
Aliasing \StripLights:B_WS2811:status_4\ to \StripLights:Net_7\
Aliasing \StripLights:B_WS2811:status_3\ to \StripLights:Net_7\
Aliasing \StripLights:B_WS2811:status_2\ to \StripLights:Net_7\
Aliasing \StripLights:B_WS2811:dataOut\\S\ to \StripLights:Net_7\
Aliasing \StripLights:B_WS2811:xferCmpt\\R\ to \StripLights:B_WS2811:dataOut\\R\
Aliasing \StripLights:B_WS2811:xferCmpt\\S\ to \StripLights:Net_7\
Aliasing \StripLights:B_WS2811:bitCount_2\\R\ to \StripLights:B_WS2811:dataOut\\R\
Aliasing \StripLights:B_WS2811:bitCount_2\\S\ to \StripLights:Net_7\
Aliasing \StripLights:B_WS2811:state_1\\R\ to \StripLights:B_WS2811:dataOut\\R\
Aliasing \StripLights:B_WS2811:state_1\\S\ to \StripLights:Net_7\
Aliasing \StripLights:B_WS2811:state_0\\R\ to \StripLights:B_WS2811:dataOut\\R\
Aliasing \StripLights:B_WS2811:state_0\\S\ to \StripLights:Net_7\
Aliasing \StripLights:B_WS2811:bitCount_1\\R\ to \StripLights:B_WS2811:dataOut\\R\
Aliasing \StripLights:B_WS2811:bitCount_1\\S\ to \StripLights:Net_7\
Aliasing \StripLights:B_WS2811:bitCount_0\\R\ to \StripLights:B_WS2811:dataOut\\R\
Aliasing \StripLights:B_WS2811:bitCount_0\\S\ to \StripLights:Net_7\
Aliasing \StripLights:B_WS2811:dpAddr_1\\R\ to \StripLights:B_WS2811:dataOut\\R\
Aliasing \StripLights:B_WS2811:dpAddr_1\\S\ to \StripLights:Net_7\
Aliasing \StripLights:B_WS2811:dpAddr_0\\R\ to \StripLights:B_WS2811:dataOut\\R\
Aliasing \StripLights:B_WS2811:dpAddr_0\\S\ to \StripLights:Net_7\
Aliasing \StripLights:B_WS2811:pwmCntl\\R\ to \StripLights:Net_7\
Aliasing \StripLights:B_WS2811:pwmCntl\\S\ to \StripLights:B_WS2811:dataOut\\R\
Aliasing \StripLights:B_WS2811:dshifter:cs_addr_2\ to \StripLights:Net_7\
Aliasing \StripLights:B_WS2811:pwm8:cs_addr_2\ to \StripLights:Net_7\
Aliasing tmpOE__S0_net_0 to \StripLights:B_WS2811:MODULE_1:g2:a0:g1:z1:s0:g1:u0:b_0\
Aliasing one to \StripLights:B_WS2811:MODULE_1:g2:a0:g1:z1:s0:g1:u0:b_0\
Aliasing tmpOE__SW1_net_0 to \StripLights:B_WS2811:MODULE_1:g2:a0:g1:z1:s0:g1:u0:b_0\
Aliasing \SPIS:tmpOE__ss_s_net_0\ to \StripLights:B_WS2811:MODULE_1:g2:a0:g1:z1:s0:g1:u0:b_0\
Aliasing \SPIS:rx_wire\ to \StripLights:Net_7\
Aliasing \SPIS:miso_m_wire\ to \StripLights:Net_7\
Aliasing \SPIS:tmpOE__miso_s_net_0\ to \StripLights:B_WS2811:MODULE_1:g2:a0:g1:z1:s0:g1:u0:b_0\
Aliasing \SPIS:tmpOE__sclk_s_net_0\ to \StripLights:B_WS2811:MODULE_1:g2:a0:g1:z1:s0:g1:u0:b_0\
Aliasing \SPIS:tmpOE__mosi_s_net_0\ to \StripLights:B_WS2811:MODULE_1:g2:a0:g1:z1:s0:g1:u0:b_0\
Aliasing \SPIS:cts_wire\ to \StripLights:Net_7\
Removing Rhs of wire \StripLights:saddr_3\[12] = \StripLights:StringSel:control_out_3\[53]
Removing Rhs of wire \StripLights:saddr_3\[12] = \StripLights:StringSel:control_3\[67]
Removing Rhs of wire \StripLights:saddr_2\[13] = \StripLights:StringSel:control_out_2\[52]
Removing Rhs of wire \StripLights:saddr_2\[13] = \StripLights:StringSel:control_2\[68]
Removing Rhs of wire \StripLights:saddr_1\[14] = \StripLights:StringSel:control_out_1\[51]
Removing Rhs of wire \StripLights:saddr_1\[14] = \StripLights:StringSel:control_1\[69]
Removing Rhs of wire \StripLights:saddr_0\[15] = \StripLights:StringSel:control_out_0\[50]
Removing Rhs of wire \StripLights:saddr_0\[15] = \StripLights:StringSel:control_0\[70]
Removing Rhs of wire \StripLights:Net_64\[16] = \StripLights:B_WS2811:dataOut\[77]
Removing Rhs of wire Net_24[32] = \StripLights:demux_1:tmp__demux_1_0_reg\[11]
Removing Lhs of wire \StripLights:StringSel:clk\[48] = \StripLights:Net_7\[4]
Removing Lhs of wire \StripLights:StringSel:rst\[49] = \StripLights:Net_7\[4]
Removing Rhs of wire zero[79] = \StripLights:Net_7\[4]
Removing Rhs of wire \StripLights:B_WS2811:status_7\[89] = \StripLights:B_WS2811:enable\[97]
Removing Lhs of wire \StripLights:B_WS2811:status_7\[89] = \StripLights:B_WS2811:control_0\[87]
Removing Rhs of wire \StripLights:B_WS2811:status_6\[90] = \StripLights:B_WS2811:xferCmpt\[105]
Removing Lhs of wire \StripLights:B_WS2811:status_5\[91] = zero[79]
Removing Lhs of wire \StripLights:B_WS2811:status_4\[92] = zero[79]
Removing Lhs of wire \StripLights:B_WS2811:status_3\[93] = zero[79]
Removing Lhs of wire \StripLights:B_WS2811:status_2\[94] = zero[79]
Removing Rhs of wire \StripLights:B_WS2811:status_1\[95] = \StripLights:B_WS2811:fifoNotFull\[104]
Removing Rhs of wire \StripLights:B_WS2811:status_0\[96] = \StripLights:B_WS2811:fifoEmpty\[103]
Removing Lhs of wire \StripLights:B_WS2811:fifo_irq_en\[100] = \StripLights:B_WS2811:control_3\[84]
Removing Lhs of wire \StripLights:B_WS2811:xfrCmpt_irq_en\[101] = \StripLights:B_WS2811:control_4\[83]
Removing Lhs of wire \StripLights:B_WS2811:next_row\[102] = \StripLights:B_WS2811:control_5\[82]
Removing Lhs of wire \StripLights:B_WS2811:add_vv_vv_MODGEN_1_2\[109] = \StripLights:B_WS2811:MODULE_1:g2:a0:s_2\[209]
Removing Lhs of wire \StripLights:B_WS2811:add_vv_vv_MODGEN_1_1\[111] = \StripLights:B_WS2811:MODULE_1:g2:a0:s_1\[210]
Removing Lhs of wire \StripLights:B_WS2811:add_vv_vv_MODGEN_1_0\[113] = \StripLights:B_WS2811:MODULE_1:g2:a0:s_0\[211]
Removing Lhs of wire \StripLights:B_WS2811:dataOut\\R\[118] = zero[79]
Removing Lhs of wire \StripLights:B_WS2811:dataOut\\S\[119] = zero[79]
Removing Lhs of wire \StripLights:B_WS2811:xferCmpt\\R\[120] = zero[79]
Removing Lhs of wire \StripLights:B_WS2811:xferCmpt\\S\[121] = zero[79]
Removing Lhs of wire \StripLights:B_WS2811:bitCount_2\\R\[122] = zero[79]
Removing Lhs of wire \StripLights:B_WS2811:bitCount_2\\S\[123] = zero[79]
Removing Lhs of wire \StripLights:B_WS2811:state_1\\R\[124] = zero[79]
Removing Lhs of wire \StripLights:B_WS2811:state_1\\S\[125] = zero[79]
Removing Lhs of wire \StripLights:B_WS2811:state_0\\R\[126] = zero[79]
Removing Lhs of wire \StripLights:B_WS2811:state_0\\S\[127] = zero[79]
Removing Lhs of wire \StripLights:B_WS2811:bitCount_1\\R\[128] = zero[79]
Removing Lhs of wire \StripLights:B_WS2811:bitCount_1\\S\[129] = zero[79]
Removing Lhs of wire \StripLights:B_WS2811:bitCount_0\\R\[130] = zero[79]
Removing Lhs of wire \StripLights:B_WS2811:bitCount_0\\S\[131] = zero[79]
Removing Lhs of wire \StripLights:B_WS2811:dpAddr_1\\R\[132] = zero[79]
Removing Lhs of wire \StripLights:B_WS2811:dpAddr_1\\S\[133] = zero[79]
Removing Lhs of wire \StripLights:B_WS2811:dpAddr_0\\R\[134] = zero[79]
Removing Lhs of wire \StripLights:B_WS2811:dpAddr_0\\S\[135] = zero[79]
Removing Lhs of wire \StripLights:B_WS2811:pwmCntl\\R\[136] = zero[79]
Removing Lhs of wire \StripLights:B_WS2811:pwmCntl\\S\[137] = zero[79]
Removing Lhs of wire \StripLights:B_WS2811:dshifter:cs_addr_2\[139] = zero[79]
Removing Lhs of wire \StripLights:B_WS2811:pwm8:cs_addr_2\[170] = zero[79]
Removing Lhs of wire \StripLights:B_WS2811:MODULE_1:g2:a0:a_2\[200] = \StripLights:B_WS2811:MODIN1_2\[201]
Removing Lhs of wire \StripLights:B_WS2811:MODIN1_2\[201] = \StripLights:B_WS2811:bitCount_2\[106]
Removing Lhs of wire \StripLights:B_WS2811:MODULE_1:g2:a0:a_1\[202] = \StripLights:B_WS2811:MODIN1_1\[203]
Removing Lhs of wire \StripLights:B_WS2811:MODIN1_1\[203] = \StripLights:B_WS2811:bitCount_1\[110]
Removing Lhs of wire \StripLights:B_WS2811:MODULE_1:g2:a0:a_0\[204] = \StripLights:B_WS2811:MODIN1_0\[205]
Removing Lhs of wire \StripLights:B_WS2811:MODIN1_0\[205] = \StripLights:B_WS2811:bitCount_0\[112]
Removing Rhs of wire \StripLights:B_WS2811:MODULE_1:g2:a0:g1:z1:s0:g1:u0:c_0\[214] = \StripLights:B_WS2811:MODULE_1:g2:a0:g1:z1:s0:g1:u0:b_0\[215]
Removing Rhs of wire tmpOE__S0_net_0[219] = \StripLights:B_WS2811:MODULE_1:g2:a0:g1:z1:s0:g1:u0:c_0\[214]
Removing Lhs of wire one[223] = tmpOE__S0_net_0[219]
Removing Lhs of wire tmpOE__SW1_net_0[230] = tmpOE__S0_net_0[219]
Removing Lhs of wire \SPIS:tmpOE__ss_s_net_0\[238] = tmpOE__S0_net_0[219]
Removing Lhs of wire \SPIS:select_s_wire\[243] = \SPIS:Net_1297\[239]
Removing Lhs of wire \SPIS:rx_wire\[244] = zero[79]
Removing Lhs of wire \SPIS:Net_1170\[247] = \SPIS:Net_847\[236]
Removing Rhs of wire \SPIS:sclk_s_wire\[248] = \SPIS:Net_1320\[249]
Removing Rhs of wire \SPIS:mosi_s_wire\[250] = \SPIS:Net_252\[251]
Removing Lhs of wire \SPIS:miso_m_wire\[252] = zero[79]
Removing Lhs of wire \SPIS:tmpOE__miso_s_net_0\[254] = tmpOE__S0_net_0[219]
Removing Lhs of wire \SPIS:tmpOE__sclk_s_net_0\[263] = tmpOE__S0_net_0[219]
Removing Lhs of wire \SPIS:tmpOE__mosi_s_net_0\[268] = tmpOE__S0_net_0[219]
Removing Lhs of wire \SPIS:cts_wire\[272] = zero[79]

------------------------------------------------------
Aliased 0 equations, 71 wires.
------------------------------------------------------

----------------------------------------------------------
Circuit simplification
----------------------------------------------------------

Substituting virtuals - pass 1:

Note:  Expanding virtual equation for '\StripLights:B_WS2811:zeroBit\' (cost = 0):
\StripLights:B_WS2811:zeroBit\ <= (not \StripLights:B_WS2811:zeroCmp\);

Note:  Expanding virtual equation for '\StripLights:B_WS2811:oneBit\' (cost = 0):
\StripLights:B_WS2811:oneBit\ <= (not \StripLights:B_WS2811:oneCmp\);

Note:  Expanding virtual equation for 'tmpOE__S0_net_0' (cost = 0):
tmpOE__S0_net_0 <=  ('1') ;


Substituting virtuals - pass 2:

Note:  Expanding virtual equation for '\StripLights:B_WS2811:MODULE_1:g2:a0:g1:z1:s0:g1:u0:c_1\' (cost = 0):
\StripLights:B_WS2811:MODULE_1:g2:a0:g1:z1:s0:g1:u0:c_1\ <= (\StripLights:B_WS2811:bitCount_0\);

Note:  Expanding virtual equation for '\StripLights:B_WS2811:MODULE_1:g2:a0:s_0\' (cost = 0):
\StripLights:B_WS2811:MODULE_1:g2:a0:s_0\ <= (not \StripLights:B_WS2811:bitCount_0\);


Substituting virtuals - pass 3:

Note:  Expanding virtual equation for '\StripLights:B_WS2811:MODULE_1:g2:a0:g1:z1:s0:g1:u0:c_2\' (cost = 3):
\StripLights:B_WS2811:MODULE_1:g2:a0:g1:z1:s0:g1:u0:c_2\ <= ((\StripLights:B_WS2811:bitCount_1\ and \StripLights:B_WS2811:bitCount_0\));

Note:  Expanding virtual equation for '\StripLights:B_WS2811:MODULE_1:g2:a0:s_1\' (cost = 8):
\StripLights:B_WS2811:MODULE_1:g2:a0:s_1\ <= ((not \StripLights:B_WS2811:bitCount_0\ and \StripLights:B_WS2811:bitCount_1\)
	OR (not \StripLights:B_WS2811:bitCount_1\ and \StripLights:B_WS2811:bitCount_0\));


Substituting virtuals - pass 4:

Note:  Expanding virtual equation for '\StripLights:B_WS2811:MODULE_1:g2:a0:s_2\' (cost = 48):
\StripLights:B_WS2811:MODULE_1:g2:a0:s_2\ <= ((not \StripLights:B_WS2811:bitCount_1\ and \StripLights:B_WS2811:bitCount_2\)
	OR (not \StripLights:B_WS2811:bitCount_0\ and \StripLights:B_WS2811:bitCount_2\)
	OR (not \StripLights:B_WS2811:bitCount_2\ and \StripLights:B_WS2811:bitCount_1\ and \StripLights:B_WS2811:bitCount_0\));


Substituting virtuals - pass 5:


----------------------------------------------------------
Circuit simplification results:

	Expanded 8 signals.
	Turned 0 signals into soft nodes.
	Maximum default expansion cost was set at 3.
----------------------------------------------------------

------------------------------------------------------
Alias Detection
------------------------------------------------------

------------------------------------------------------
Aliased 0 equations, 0 wires.
------------------------------------------------------

Last attempt to remove unused logic - pass 1:


Last attempt to remove unused logic - pass 2:


topld:  No errors.

CYPRESS_DIR    : C:\Program Files (x86)\Cypress\PSoC Creator\4.1\PSoC Creator\warp
Warp Program   : C:\Program Files (x86)\Cypress\PSoC Creator\4.1\PSoC Creator\warp\bin\warp.exe
Warp Arguments : -yv2 -q10 -ygs -o2 -v3 -.fftcfgtype=LE -ya -.fftprj=C:\Users\Keith\Desktop\PSOC_Top.cydsn\PSOC_Top.cyprj -dcpsoc3 PSOC_Top.v -verilog
</CYPRESSTAG>
Warp synthesis phase: Elapsed time ==> 1s.239ms
<CYPRESSTAG name="Fitter results...">
<CYPRESSTAG name="Fitter startup details...">
cyp3fit: V4.1.0.3210, Family: PSoC3, Started at: Thursday, 19 April 2018 23:26:56
Options: -yv2 -q10 -ygs -o2 -v3 -.fftcfgtype=LE -ya -.fftprj=C:\Users\Keith\Desktop\PSOC_Top.cydsn\PSOC_Top.cyprj -d CY8C4245AXI-483 PSOC_Top.v -verilog
</CYPRESSTAG>
<CYPRESSTAG name="Design parsing">
Design parsing phase: Elapsed time ==> 0s.022ms
</CYPRESSTAG>
<CYPRESSTAG name="Tech Mapping">
<CYPRESSTAG name="Initial Mapping" icon="FILE_RPT_TECHM">
<CYPRESSTAG name="Global Clock Selection" icon="FILE_RPT_TECHM">
    Digital Clock 0: Automatic-assigning  clock 'StripLights_HFCLK'. Fanout=12, Signal=\StripLights:Net_18_digital\
    Fixed Function Clock 2: Automatic-assigning  clock 'SPIS_SCBCLK'. Signal=\SPIS:Net_847_ff2\
<CYPRESSTAG name="UDB Clock/Enable Remapping Results">
</CYPRESSTAG>
</CYPRESSTAG>

Removing unused cells resulting from optimization
Done removing unused cells.
<CYPRESSTAG name="Duplicate Macrocell detection">
</CYPRESSTAG>
</CYPRESSTAG>
<CYPRESSTAG name="Duplicate Macrocell detection">
</CYPRESSTAG>
<CYPRESSTAG name="Design Equations" icon="FILE_RPT_EQUATION">

------------------------------------------------------------
Design Equations
------------------------------------------------------------
    <CYPRESSTAG name="Pin listing">

    ------------------------------------------------------------
    Pin listing
    ------------------------------------------------------------

    Pin : Name = S0(0)
        Attributes:
            In Group/Port: True
            In Sync Option: AUTO
            Out Sync Option: NOSYNC
            Interrupt generated: False
            Interrupt mode: NONE
            Drive mode: CMOS_OUT
            VTrip: EITHER
            Slew: FAST
            Input Sync needed: False
            Output Sync needed: False
            SC shield enabled: False
            POR State: ANY
            LCD Mode: COMMON
            Register Mode: RegComb
            CaSense Mode: NEITHER
            Treat as pin: True
            Is OE Registered: False
            Uses Analog: False
            Can contain Digital: True
            Is SIO: False
            SIO Output Buf: NONREGULATED
            SIO Input Buf: SINGLE_ENDED
            SIO HiFreq: LOW
            SIO Hyst: DISABLED
            SIO Vtrip: MULTIPLIER_0_5
            SIO Multiplier Index: 0
            SIO RefSel: VCC_IO
            Required Capabilities: DIGITAL, ROUTABLE
            Initial Value: 1
            IO Voltage: 0
        PORT MAP (
            pa_out => S0(0)__PA ,
            pin_input => Net_24 ,
            annotation => Net_1 ,
            pad => S0(0)_PAD );
        Properties:
        {
        }

    Pin : Name = SW1(0)
        Attributes:
            In Group/Port: True
            In Sync Option: NOSYNC
            Out Sync Option: AUTO
            Interrupt generated: False
            Interrupt mode: NONE
            Drive mode: RES_PULL_UP
            VTrip: CMOS
            Slew: FAST
            Input Sync needed: False
            Output Sync needed: False
            SC shield enabled: False
            POR State: ANY
            LCD Mode: COMMON
            Register Mode: RegComb
            CaSense Mode: NEITHER
            Treat as pin: True
            Is OE Registered: False
            Uses Analog: False
            Can contain Digital: True
            Is SIO: False
            SIO Output Buf: NONREGULATED
            SIO Input Buf: SINGLE_ENDED
            SIO HiFreq: LOW
            SIO Hyst: DISABLED
            SIO Vtrip: MULTIPLIER_0_5
            SIO Multiplier Index: 0
            SIO RefSel: VCC_IO
            Required Capabilities: DIGITAL
            Initial Value: 1
            IO Voltage: 0
        PORT MAP (
            pa_out => SW1(0)__PA ,
            annotation => Net_29 ,
            pad => SW1(0)_PAD );
        Properties:
        {
        }

    Pin : Name = \SPIS:ss_s(0)\
        Attributes:
            In Group/Port: True
            In Sync Option: NOSYNC
            Out Sync Option: AUTO
            Interrupt generated: False
            Interrupt mode: NONE
            Drive mode: HI_Z_DIGITAL
            VTrip: CMOS
            Slew: FAST
            Input Sync needed: False
            Output Sync needed: False
            SC shield enabled: False
            POR State: ANY
            LCD Mode: COMMON
            Register Mode: RegComb
            CaSense Mode: NEITHER
            Treat as pin: True
            Is OE Registered: False
            Uses Analog: False
            Can contain Digital: True
            Is SIO: False
            SIO Output Buf: NONREGULATED
            SIO Input Buf: SINGLE_ENDED
            SIO HiFreq: LOW
            SIO Hyst: DISABLED
            SIO Vtrip: MULTIPLIER_0_5
            SIO Multiplier Index: 0
            SIO RefSel: VCC_IO
            Required Capabilities: DIGITAL
            Initial Value: 0
            IO Voltage: 0
        PORT MAP (
            pa_out => \SPIS:ss_s(0)\__PA ,
            fb => \SPIS:Net_1297\ ,
            pad => \SPIS:ss_s(0)_PAD\ );
        Properties:
        {
        }

    Pin : Name = \SPIS:miso_s(0)\
        Attributes:
            In Group/Port: True
            In Sync Option: NOSYNC
            Out Sync Option: NOSYNC
            Interrupt generated: False
            Interrupt mode: NONE
            Drive mode: CMOS_OUT
            VTrip: CMOS
            Slew: FAST
            Input Sync needed: False
            Output Sync needed: False
            SC shield enabled: False
            POR State: ANY
            LCD Mode: COMMON
            Register Mode: RegComb
            CaSense Mode: NEITHER
            Treat as pin: True
            Is OE Registered: False
            Uses Analog: False
            Can contain Digital: True
            Is SIO: False
            SIO Output Buf: NONREGULATED
            SIO Input Buf: SINGLE_ENDED
            SIO HiFreq: LOW
            SIO Hyst: DISABLED
            SIO Vtrip: MULTIPLIER_0_5
            SIO Multiplier Index: 0
            SIO RefSel: VCC_IO
            Required Capabilities: DIGITAL
            Initial Value: 1
            IO Voltage: 0
        PORT MAP (
            pa_out => \SPIS:miso_s(0)\__PA ,
            pin_input => \SPIS:miso_s_wire\ ,
            pad => \SPIS:miso_s(0)_PAD\ );
        Properties:
        {
        }

    Pin : Name = \SPIS:sclk_s(0)\
        Attributes:
            In Group/Port: True
            In Sync Option: NOSYNC
            Out Sync Option: AUTO
            Interrupt generated: False
            Interrupt mode: NONE
            Drive mode: HI_Z_DIGITAL
            VTrip: CMOS
            Slew: FAST
            Input Sync needed: False
            Output Sync needed: False
            SC shield enabled: False
            POR State: ANY
            LCD Mode: COMMON
            Register Mode: RegComb
            CaSense Mode: NEITHER
            Treat as pin: True
            Is OE Registered: False
            Uses Analog: False
            Can contain Digital: True
            Is SIO: False
            SIO Output Buf: NONREGULATED
            SIO Input Buf: SINGLE_ENDED
            SIO HiFreq: LOW
            SIO Hyst: DISABLED
            SIO Vtrip: MULTIPLIER_0_5
            SIO Multiplier Index: 0
            SIO RefSel: VCC_IO
            Required Capabilities: DIGITAL
            Initial Value: 0
            IO Voltage: 0
        PORT MAP (
            pa_out => \SPIS:sclk_s(0)\__PA ,
            fb => \SPIS:sclk_s_wire\ ,
            pad => \SPIS:sclk_s(0)_PAD\ );
        Properties:
        {
        }

    Pin : Name = \SPIS:mosi_s(0)\
        Attributes:
            In Group/Port: True
            In Sync Option: NOSYNC
            Out Sync Option: AUTO
            Interrupt generated: False
            Interrupt mode: NONE
            Drive mode: HI_Z_DIGITAL
            VTrip: CMOS
            Slew: FAST
            Input Sync needed: False
            Output Sync needed: False
            SC shield enabled: False
            POR State: ANY
            LCD Mode: COMMON
            Register Mode: RegComb
            CaSense Mode: NEITHER
            Treat as pin: True
            Is OE Registered: False
            Uses Analog: False
            Can contain Digital: True
            Is SIO: False
            SIO Output Buf: NONREGULATED
            SIO Input Buf: SINGLE_ENDED
            SIO HiFreq: LOW
            SIO Hyst: DISABLED
            SIO Vtrip: MULTIPLIER_0_5
            SIO Multiplier Index: 0
            SIO RefSel: VCC_IO
            Required Capabilities: DIGITAL
            Initial Value: 0
            IO Voltage: 0
        PORT MAP (
            pa_out => \SPIS:mosi_s(0)\__PA ,
            fb => \SPIS:mosi_s_wire\ ,
            pad => \SPIS:mosi_s(0)_PAD\ );
        Properties:
        {
        }
    </CYPRESSTAG>
    <CYPRESSTAG name="Macrocell listing" icon="FILE_RPT_EQUATION">

    ------------------------------------------------------------
    Macrocell listing
    ------------------------------------------------------------

    MacroCell: Name=Net_24, Mode=(Combinatorial)
        Total # of inputs        : 5
        Total # of product terms : 1
            Clock Enable: True
        Main Equation            : 1 pterm
        (
              !\StripLights:saddr_3\ * !\StripLights:saddr_2\ * 
              !\StripLights:saddr_1\ * !\StripLights:saddr_0\ * 
              \StripLights:Net_64\
        );
        Output = Net_24 (fanout=1)

    MacroCell: Name=\StripLights:Net_159\, Mode=(Combinatorial)
        Total # of inputs        : 3
        Total # of product terms : 1
            Clock Enable: True
        Main Equation            : 1 pterm
        (
              \StripLights:B_WS2811:control_3\ * 
              \StripLights:B_WS2811:control_0\ * 
              \StripLights:B_WS2811:status_0\
        );
        Output = \StripLights:Net_159\ (fanout=1)

    MacroCell: Name=Net_4, Mode=(Combinatorial)
        Total # of inputs        : 3
        Total # of product terms : 1
            Clock Enable: True
        Main Equation            : 1 pterm
        (
              \StripLights:B_WS2811:control_4\ * 
              \StripLights:B_WS2811:control_0\ * 
              \StripLights:B_WS2811:status_6\
        );
        Output = Net_4 (fanout=1)

    MacroCell: Name=\StripLights:Net_64\, Mode=(D-Register)
        Total # of inputs        : 5
        Total # of product terms : 3
        List of special equations: 
            Clock  = (\StripLights:Net_18_digital\) => Global
            Clock Enable: True
        Main Equation            : 3 pterms
        (
              !\StripLights:B_WS2811:zeroCmp\ * 
              \StripLights:B_WS2811:state_1\ * 
              !\StripLights:B_WS2811:state_0\ * 
              !\StripLights:B_WS2811:shiftOut\
            + !\StripLights:B_WS2811:oneCmp\ * \StripLights:B_WS2811:state_1\ * 
              !\StripLights:B_WS2811:state_0\ * 
              \StripLights:B_WS2811:shiftOut\
            + !\StripLights:B_WS2811:state_1\ * 
              \StripLights:B_WS2811:state_0\
        );
        Output = \StripLights:Net_64\ (fanout=1)

    MacroCell: Name=\StripLights:B_WS2811:status_6\, Mode=(D-Register)
        Total # of inputs        : 2
        Total # of product terms : 1
        List of special equations: 
            Clock  = (\StripLights:Net_18_digital\) => Global
            Clock Enable: True
        Main Equation            : 1 pterm
        (
              \StripLights:B_WS2811:state_1\ * \StripLights:B_WS2811:state_0\
        );
        Output = \StripLights:B_WS2811:status_6\ (fanout=2)

    MacroCell: Name=\StripLights:B_WS2811:bitCount_2\, Mode=(T-Register)
        Total # of inputs        : 6
        Total # of product terms : 2
        List of special equations: 
            Clock  = (\StripLights:Net_18_digital\) => Global
            Clock Enable: True
        Main Equation            : 2 pterms
        (
              \StripLights:B_WS2811:pwmTC\ * \StripLights:B_WS2811:state_1\ * 
              !\StripLights:B_WS2811:state_0\ * 
              \StripLights:B_WS2811:bitCount_1\ * 
              \StripLights:B_WS2811:bitCount_0\
            + \StripLights:B_WS2811:bitCount_2\ * 
              !\StripLights:B_WS2811:state_1\
        );
        Output = \StripLights:B_WS2811:bitCount_2\ (fanout=4)

    MacroCell: Name=\StripLights:B_WS2811:state_1\, Mode=(D-Register)
        Total # of inputs        : 9
        Total # of product terms : 3
        List of special equations: 
            Clock  = (\StripLights:Net_18_digital\) => Global
            Clock Enable: True
        Main Equation            : 3 pterms
        !(
              \StripLights:B_WS2811:pwmTC\ * \StripLights:B_WS2811:control_0\ * 
              !\StripLights:B_WS2811:status_0\ * 
              \StripLights:B_WS2811:bitCount_2\ * 
              !\StripLights:B_WS2811:state_0\ * 
              \StripLights:B_WS2811:bitCount_1\ * 
              \StripLights:B_WS2811:bitCount_0\
            + \StripLights:B_WS2811:control_5\ * 
              \StripLights:B_WS2811:state_1\ * \StripLights:B_WS2811:state_0\
            + !\StripLights:B_WS2811:state_1\ * 
              !\StripLights:B_WS2811:state_0\
        );
        Output = \StripLights:B_WS2811:state_1\ (fanout=10)

    MacroCell: Name=\StripLights:B_WS2811:state_0\, Mode=(D-Register)
        Total # of inputs        : 9
        Total # of product terms : 3
        List of special equations: 
            Clock  = (\StripLights:Net_18_digital\) => Global
            Clock Enable: True
        Main Equation            : 3 pterms
        (
              \StripLights:B_WS2811:pwmTC\ * 
              \StripLights:B_WS2811:bitCount_2\ * 
              \StripLights:B_WS2811:state_1\ * 
              !\StripLights:B_WS2811:state_0\ * 
              \StripLights:B_WS2811:bitCount_1\ * 
              \StripLights:B_WS2811:bitCount_0\
            + !\StripLights:B_WS2811:control_5\ * 
              \StripLights:B_WS2811:state_1\ * \StripLights:B_WS2811:state_0\
            + \StripLights:B_WS2811:control_0\ * 
              !\StripLights:B_WS2811:status_0\ * 
              !\StripLights:B_WS2811:state_1\ * 
              !\StripLights:B_WS2811:state_0\
        );
        Output = \StripLights:B_WS2811:state_0\ (fanout=10)

    MacroCell: Name=\StripLights:B_WS2811:bitCount_1\, Mode=(T-Register)
        Total # of inputs        : 5
        Total # of product terms : 2
        List of special equations: 
            Clock  = (\StripLights:Net_18_digital\) => Global
            Clock Enable: True
        Main Equation            : 2 pterms
        (
              \StripLights:B_WS2811:pwmTC\ * \StripLights:B_WS2811:state_1\ * 
              !\StripLights:B_WS2811:state_0\ * 
              \StripLights:B_WS2811:bitCount_0\
            + !\StripLights:B_WS2811:state_1\ * 
              \StripLights:B_WS2811:bitCount_1\
        );
        Output = \StripLights:B_WS2811:bitCount_1\ (fanout=5)

    MacroCell: Name=\StripLights:B_WS2811:bitCount_0\, Mode=(T-Register)
        Total # of inputs        : 4
        Total # of product terms : 2
        List of special equations: 
            Clock  = (\StripLights:Net_18_digital\) => Global
            Clock Enable: True
        Main Equation            : 2 pterms
        (
              \StripLights:B_WS2811:pwmTC\ * \StripLights:B_WS2811:state_1\ * 
              !\StripLights:B_WS2811:state_0\
            + !\StripLights:B_WS2811:state_1\ * 
              \StripLights:B_WS2811:bitCount_0\
        );
        Output = \StripLights:B_WS2811:bitCount_0\ (fanout=6)

    MacroCell: Name=\StripLights:B_WS2811:dpAddr_1\, Mode=(D-Register)
        Total # of inputs        : 7
        Total # of product terms : 4
        List of special equations: 
            Clock  = (\StripLights:Net_18_digital\) => Global
            Clock Enable: True
        Main Equation            : 4 pterms
        (
              \StripLights:B_WS2811:pwmTC\ * 
              !\StripLights:B_WS2811:bitCount_2\ * 
              \StripLights:B_WS2811:state_1\ * 
              !\StripLights:B_WS2811:state_0\
            + \StripLights:B_WS2811:pwmTC\ * \StripLights:B_WS2811:state_1\ * 
              !\StripLights:B_WS2811:state_0\ * 
              !\StripLights:B_WS2811:bitCount_1\
            + \StripLights:B_WS2811:pwmTC\ * \StripLights:B_WS2811:state_1\ * 
              !\StripLights:B_WS2811:state_0\ * 
              !\StripLights:B_WS2811:bitCount_0\
            + \StripLights:B_WS2811:state_1\ * \StripLights:B_WS2811:state_0\ * 
              \StripLights:B_WS2811:dpAddr_1\
        );
        Output = \StripLights:B_WS2811:dpAddr_1\ (fanout=2)

    MacroCell: Name=\StripLights:B_WS2811:dpAddr_0\, Mode=(D-Register)
        Total # of inputs        : 3
        Total # of product terms : 2
        List of special equations: 
            Clock  = (\StripLights:Net_18_digital\) => Global
            Clock Enable: True
        Main Equation            : 2 pterms
        (
              !\StripLights:B_WS2811:state_1\ * 
              \StripLights:B_WS2811:state_0\
            + \StripLights:B_WS2811:state_0\ * 
              \StripLights:B_WS2811:dpAddr_0\
        );
        Output = \StripLights:B_WS2811:dpAddr_0\ (fanout=2)

    MacroCell: Name=\StripLights:B_WS2811:pwmCntl\, Mode=(D-Register)
        Total # of inputs        : 5
        Total # of product terms : 3
        List of special equations: 
            Clock  = (\StripLights:Net_18_digital\) => Global
            Clock Enable: True
        Main Equation            : 3 pterms
        !(
              \StripLights:B_WS2811:control_0\ * 
              !\StripLights:B_WS2811:status_0\ * 
              !\StripLights:B_WS2811:state_0\
            + \StripLights:B_WS2811:state_1\ * 
              !\StripLights:B_WS2811:state_0\
            + \StripLights:B_WS2811:state_1\ * 
              !\StripLights:B_WS2811:pwmCntl\
        );
        Output = \StripLights:B_WS2811:pwmCntl\ (fanout=2)
    </CYPRESSTAG>
    <CYPRESSTAG name="Datapath listing">

    ------------------------------------------------------------
    Datapath listing
    ------------------------------------------------------------

    datapathcell: Name =\StripLights:B_WS2811:dshifter:u0\
        PORT MAP (
            clock => \StripLights:Net_18_digital\ ,
            cs_addr_1 => \StripLights:B_WS2811:dpAddr_1\ ,
            cs_addr_0 => \StripLights:B_WS2811:dpAddr_0\ ,
            so_comb => \StripLights:B_WS2811:shiftOut\ ,
            f0_bus_stat_comb => \StripLights:B_WS2811:status_1\ ,
            f0_blk_stat_comb => \StripLights:B_WS2811:status_0\ );
        Properties:
        {
            a0_init = "00000000"
            a1_init = "00000000"
            ce0_sync = 1
            ce1_sync = 1
            cl0_sync = 1
            cl1_sync = 1
            cmsb_sync = 1
            co_msb_sync = 1
            cy_dpconfig = "0000000000000000000000001100000000000001010000000000000000000000000000000000000000000000000000000000000000000000000000000000000011111111000000001111111111111111000000000000000000000000000000000000000000000000"
            d0_init = "00000000"
            d1_init = "00000000"
            f0_blk_sync = 1
            f0_bus_sync = 1
            f1_blk_sync = 1
            f1_bus_sync = 1
            ff0_sync = 1
            ff1_sync = 1
            ov_msb_sync = 1
            so_sync = 1
            z0_sync = 1
            z1_sync = 1
        }
        Clock Polarity: Active High
        Clock Enable: True

    datapathcell: Name =\StripLights:B_WS2811:pwm8:u0\
        PORT MAP (
            clock => \StripLights:Net_18_digital\ ,
            cs_addr_1 => \StripLights:B_WS2811:pwmCntl\ ,
            cs_addr_0 => \StripLights:B_WS2811:pwmTC\ ,
            cl0_comb => \StripLights:B_WS2811:zeroCmp\ ,
            z0_comb => \StripLights:B_WS2811:pwmTC\ ,
            cl1_comb => \StripLights:B_WS2811:oneCmp\ );
        Properties:
        {
            a0_init = "00011000"
            a1_init = "00011000"
            ce0_sync = 1
            ce1_sync = 1
            cl0_sync = 1
            cl1_sync = 1
            cmsb_sync = 1
            co_msb_sync = 1
            cy_dpconfig = "0100000001000000000000001100000000000000110000000000000011000000000000000000000000000000000000000000000000000000000000000000000011111111000000001111111111111111101000000000000000000000000000000000000000000000"
            d0_init = "00010100"
            d1_init = "00001100"
            f0_blk_sync = 1
            f0_bus_sync = 1
            f1_blk_sync = 1
            f1_bus_sync = 1
            ff0_sync = 1
            ff1_sync = 1
            ov_msb_sync = 1
            so_sync = 1
            z0_sync = 1
            z1_sync = 1
        }
        Clock Polarity: Active High
        Clock Enable: True
    </CYPRESSTAG>
    <CYPRESSTAG name="Status register listing">

    ------------------------------------------------------------
    Status register listing
    ------------------------------------------------------------

    statuscell: Name =\StripLights:B_WS2811:StatusReg\
        PORT MAP (
            status_7 => \StripLights:B_WS2811:control_0\ ,
            status_6 => \StripLights:B_WS2811:status_6\ ,
            status_1 => \StripLights:B_WS2811:status_1\ ,
            status_0 => \StripLights:B_WS2811:status_0\ );
        Properties:
        {
            cy_force_order = 1
            cy_md_select = "00000000"
        }
        Clock Enable: True
    </CYPRESSTAG>
    <CYPRESSTAG name="StatusI register listing">
    </CYPRESSTAG>
    <CYPRESSTAG name="Sync listing">
    </CYPRESSTAG>
    <CYPRESSTAG name="Control register listing">

    ------------------------------------------------------------
    Control register listing
    ------------------------------------------------------------

    controlcell: Name =\StripLights:StringSel:Sync:ctrl_reg\
        PORT MAP (
            control_7 => \StripLights:StringSel:control_7\ ,
            control_6 => \StripLights:StringSel:control_6\ ,
            control_5 => \StripLights:StringSel:control_5\ ,
            control_4 => \StripLights:StringSel:control_4\ ,
            control_3 => \StripLights:saddr_3\ ,
            control_2 => \StripLights:saddr_2\ ,
            control_1 => \StripLights:saddr_1\ ,
            control_0 => \StripLights:saddr_0\ );
        Properties:
        {
            cy_ctrl_mode_0 = "00000000"
            cy_ctrl_mode_1 = "00000000"
            cy_ext_reset = 0
            cy_force_order = 1
            cy_init_value = "00000000"
        }
        Clock Enable: True

    controlcell: Name =\StripLights:B_WS2811:ctrl\
        PORT MAP (
            control_7 => \StripLights:B_WS2811:control_7\ ,
            control_6 => \StripLights:B_WS2811:control_6\ ,
            control_5 => \StripLights:B_WS2811:control_5\ ,
            control_4 => \StripLights:B_WS2811:control_4\ ,
            control_3 => \StripLights:B_WS2811:control_3\ ,
            control_2 => \StripLights:B_WS2811:control_2\ ,
            control_1 => \StripLights:B_WS2811:control_1\ ,
            control_0 => \StripLights:B_WS2811:control_0\ );
        Properties:
        {
            cy_ctrl_mode_0 = "00000000"
            cy_ctrl_mode_1 = "00000000"
            cy_ext_reset = 0
            cy_force_order = 1
            cy_init_value = "00000000"
        }
        Clock Enable: True
    </CYPRESSTAG>
    <CYPRESSTAG name="Count7 listing">
    </CYPRESSTAG>
    <CYPRESSTAG name="DRQ listing">
    </CYPRESSTAG>
    <CYPRESSTAG name="Interrupt listing">

    ------------------------------------------------------------
    Interrupt listing
    ------------------------------------------------------------

    interrupt: Name =\StripLights:cisr\
        PORT MAP (
            interrupt => Net_4 );
        Properties:
        {
            int_type = "00"
            is_nmi = 0
        }

    interrupt: Name =\StripLights:fisr\
        PORT MAP (
            interrupt => \StripLights:Net_159\ );
        Properties:
        {
            int_type = "00"
            is_nmi = 0
        }
    </CYPRESSTAG>
</CYPRESSTAG>
<CYPRESSTAG name="Technology mapping summary" expanded>

------------------------------------------------------------
Technology mapping summary
------------------------------------------------------------

Resource Type                 : Used : Free :  Max :  % Used
============================================================
Digital Clocks                :    1 :    3 :    4 : 25.00 %
Interrupts                    :    2 :   30 :   32 :  6.25 %
IO                            :    8 :   28 :   36 : 22.22 %
Segment LCD                   :    0 :    1 :    1 :  0.00 %
CapSense                      :    0 :    1 :    1 :  0.00 %
Die Temp                      :    0 :    1 :    1 :  0.00 %
Serial Communication (SCB)    :    1 :    1 :    2 : 50.00 %
Timer/Counter/PWM             :    0 :    4 :    4 :  0.00 %
UDB                           :      :      :      :        
  Macrocells                  :   13 :   19 :   32 : 40.63 %
  Unique P-terms              :   27 :   37 :   64 : 42.19 %
  Total P-terms               :   28 :      :      :        
  Datapath Cells              :    2 :    2 :    4 : 50.00 %
  Status Cells                :    1 :    3 :    4 : 25.00 %
    Status Registers          :    1 :      :      :        
  Control Cells               :    2 :    2 :    4 : 50.00 %
    Control Registers         :    2 :      :      :        
Comparator/Opamp              :    0 :    2 :    2 :  0.00 %
LP Comparator                 :    0 :    2 :    2 :  0.00 %
SAR ADC                       :    0 :    1 :    1 :  0.00 %
DAC                           :      :      :      :        
  7-bit IDAC                  :    0 :    1 :    1 :  0.00 %
  8-bit IDAC                  :    0 :    1 :    1 :  0.00 %
</CYPRESSTAG>
Technology Mapping: Elapsed time ==> 0s.101ms
Tech Mapping phase: Elapsed time ==> 0s.139ms
</CYPRESSTAG>
<CYPRESSTAG name="Analog Placement">
<CYPRESSTAG name="FFB & IO Pre Placement">
<CYPRESSTAG name="Placement" icon="FILE_RPT_PLACEMENT">

Cell                                : Block                              
=========================================================================
S0(0)                               : [IOP=(0)][IoId=(4)]                
SW1(0)                              : [IOP=(0)][IoId=(1)]                
\SPIS:ss_s(0)\                      : [IOP=(0)][IoId=(7)]                
\SPIS:miso_s(0)\                    : [IOP=(0)][IoId=(5)]                
\SPIS:sclk_s(0)\                    : [IOP=(0)][IoId=(6)]                
\SPIS:mosi_s(0)\                    : [IOP=(3)][IoId=(0)]                
ClockGenBlock                       : CLK_GEN_[FFB(CLK_GEN,0)]           
\SPIS:SCB\                          : SCB_[FFB(SCB,1)]                   

</CYPRESSTAG>
</CYPRESSTAG>
<CYPRESSTAG name="Real Analog Placement">
Elapsed time ==> 0.2086202s
</CYPRESSTAG>
Analog Placement phase: Elapsed time ==> 0s.538ms
</CYPRESSTAG>
<CYPRESSTAG name="Analog Routing">
<CYPRESSTAG name="Analog Routing">
Route success=True, Iterations=1 Elapsed=0.0015152 secs
</CYPRESSTAG>
Analog Routing phase: Elapsed time ==> 0s.003ms
</CYPRESSTAG>
<CYPRESSTAG name="Analog Code Generation">
============ Analog Final Answer Routes ============
Dump of CyAnalogRoutingResultsDB
Map of net to items {
}
Map of item to net {
}
Mux Info {
}
Analog Code Generation phase: Elapsed time ==> 0s.031ms
</CYPRESSTAG>
<CYPRESSTAG name="Digital Placement">
<CYPRESSTAG name="Detailed placement messages">
I2076: Total run-time: 0.6 sec.

</CYPRESSTAG>
<CYPRESSTAG name="PLD Packing">
<CYPRESSTAG name="PLD Packing Summary" expanded>

------------------------------------------------------------
PLD Packing Summary
------------------------------------------------------------
            Resource Type : Used : Free :  Max :  % Used
    ====================================================
                     PLDs :    4 :    4 :    8 :  50.00%

<CYPRESSTAG name="PLD Statistics">

        PLD Resource Type :     Average/LAB
    =======================================
                   Inputs :            8.75
                   Pterms :            6.75
               Macrocells :            3.25
</CYPRESSTAG>
<CYPRESSTAG name="Packed PLD Contents">
Packed PLD Contents not displayed at this verbose level.</CYPRESSTAG>
</CYPRESSTAG>
PLD Packing: Elapsed time ==> 0s.000ms
</CYPRESSTAG>
<CYPRESSTAG name="Partitioning">
<CYPRESSTAG name="Initial Partitioning Summary">
Initial Partitioning Summary not displayed at this verbose level.</CYPRESSTAG>
<CYPRESSTAG name="Final Partitioning Summary">
Final Partitioning Summary not displayed at this verbose level.</CYPRESSTAG>
Partitioning: Elapsed time ==> 0s.015ms
</CYPRESSTAG>
<CYPRESSTAG name="Final Placement Summary">

------------------------------------------------------------
Final Placement Summary
------------------------------------------------------------

       Resource Type :      Count : Avg Inputs : Avg Outputs
    ========================================================
                 UDB :          2 :      13.50 :       6.50
<CYPRESSTAG name="Final Placement Details">
<CYPRESSTAG name="Component Details">

------------------------------------------------------------
Component Placement Details
------------------------------------------------------------
UDB [UDB=(0,0)] is empty.
UDB [UDB=(0,1)] contents:
LAB@[UDB=(0,1)][LB=0] #macrocells=3, #inputs=9, #pterms=8
{
    [McSlotId=0]:     MacroCell: Name=\StripLights:B_WS2811:state_0\, Mode=(D-Register) @ [UDB=(0,1)][LB=0][MC=0]
        Total # of inputs        : 9
        Total # of product terms : 3
        List of special equations: 
            Clock  = (\StripLights:Net_18_digital\) => Global
            Clock Enable: True
        Main Equation            : 3 pterms
        (
              \StripLights:B_WS2811:pwmTC\ * 
              \StripLights:B_WS2811:bitCount_2\ * 
              \StripLights:B_WS2811:state_1\ * 
              !\StripLights:B_WS2811:state_0\ * 
              \StripLights:B_WS2811:bitCount_1\ * 
              \StripLights:B_WS2811:bitCount_0\
            + !\StripLights:B_WS2811:control_5\ * 
              \StripLights:B_WS2811:state_1\ * \StripLights:B_WS2811:state_0\
            + \StripLights:B_WS2811:control_0\ * 
              !\StripLights:B_WS2811:status_0\ * 
              !\StripLights:B_WS2811:state_1\ * 
              !\StripLights:B_WS2811:state_0\
        );
        Output = \StripLights:B_WS2811:state_0\ (fanout=10)
        Properties               : 
        {
        }

    [McSlotId=1]:     MacroCell: Name=\StripLights:B_WS2811:state_1\, Mode=(D-Register) @ [UDB=(0,1)][LB=0][MC=1]
        Total # of inputs        : 9
        Total # of product terms : 3
        List of special equations: 
            Clock  = (\StripLights:Net_18_digital\) => Global
            Clock Enable: True
        Main Equation            : 3 pterms
        !(
              \StripLights:B_WS2811:pwmTC\ * \StripLights:B_WS2811:control_0\ * 
              !\StripLights:B_WS2811:status_0\ * 
              \StripLights:B_WS2811:bitCount_2\ * 
              !\StripLights:B_WS2811:state_0\ * 
              \StripLights:B_WS2811:bitCount_1\ * 
              \StripLights:B_WS2811:bitCount_0\
            + \StripLights:B_WS2811:control_5\ * 
              \StripLights:B_WS2811:state_1\ * \StripLights:B_WS2811:state_0\
            + !\StripLights:B_WS2811:state_1\ * 
              !\StripLights:B_WS2811:state_0\
        );
        Output = \StripLights:B_WS2811:state_1\ (fanout=10)
        Properties               : 
        {
        }

    [McSlotId=2]:     MacroCell: Name=\StripLights:B_WS2811:bitCount_2\, Mode=(T-Register) @ [UDB=(0,1)][LB=0][MC=2]
        Total # of inputs        : 6
        Total # of product terms : 2
        List of special equations: 
            Clock  = (\StripLights:Net_18_digital\) => Global
            Clock Enable: True
        Main Equation            : 2 pterms
        (
              \StripLights:B_WS2811:pwmTC\ * \StripLights:B_WS2811:state_1\ * 
              !\StripLights:B_WS2811:state_0\ * 
              \StripLights:B_WS2811:bitCount_1\ * 
              \StripLights:B_WS2811:bitCount_0\
            + \StripLights:B_WS2811:bitCount_2\ * 
              !\StripLights:B_WS2811:state_1\
        );
        Output = \StripLights:B_WS2811:bitCount_2\ (fanout=4)
        Properties               : 
        {
        }

    [McSlotId=3]: (empty)
}

LAB@[UDB=(0,1)][LB=1] #macrocells=3, #inputs=7, #pterms=8
{
    [McSlotId=0]:     MacroCell: Name=\StripLights:B_WS2811:dpAddr_1\, Mode=(D-Register) @ [UDB=(0,1)][LB=1][MC=0]
        Total # of inputs        : 7
        Total # of product terms : 4
        List of special equations: 
            Clock  = (\StripLights:Net_18_digital\) => Global
            Clock Enable: True
        Main Equation            : 4 pterms
        (
              \StripLights:B_WS2811:pwmTC\ * 
              !\StripLights:B_WS2811:bitCount_2\ * 
              \StripLights:B_WS2811:state_1\ * 
              !\StripLights:B_WS2811:state_0\
            + \StripLights:B_WS2811:pwmTC\ * \StripLights:B_WS2811:state_1\ * 
              !\StripLights:B_WS2811:state_0\ * 
              !\StripLights:B_WS2811:bitCount_1\
            + \StripLights:B_WS2811:pwmTC\ * \StripLights:B_WS2811:state_1\ * 
              !\StripLights:B_WS2811:state_0\ * 
              !\StripLights:B_WS2811:bitCount_0\
            + \StripLights:B_WS2811:state_1\ * \StripLights:B_WS2811:state_0\ * 
              \StripLights:B_WS2811:dpAddr_1\
        );
        Output = \StripLights:B_WS2811:dpAddr_1\ (fanout=2)
        Properties               : 
        {
        }

    [McSlotId=1]:     MacroCell: Name=\StripLights:B_WS2811:bitCount_1\, Mode=(T-Register) @ [UDB=(0,1)][LB=1][MC=1]
        Total # of inputs        : 5
        Total # of product terms : 2
        List of special equations: 
            Clock  = (\StripLights:Net_18_digital\) => Global
            Clock Enable: True
        Main Equation            : 2 pterms
        (
              \StripLights:B_WS2811:pwmTC\ * \StripLights:B_WS2811:state_1\ * 
              !\StripLights:B_WS2811:state_0\ * 
              \StripLights:B_WS2811:bitCount_0\
            + !\StripLights:B_WS2811:state_1\ * 
              \StripLights:B_WS2811:bitCount_1\
        );
        Output = \StripLights:B_WS2811:bitCount_1\ (fanout=5)
        Properties               : 
        {
        }

    [McSlotId=2]:     MacroCell: Name=\StripLights:B_WS2811:bitCount_0\, Mode=(T-Register) @ [UDB=(0,1)][LB=1][MC=2]
        Total # of inputs        : 4
        Total # of product terms : 2
        List of special equations: 
            Clock  = (\StripLights:Net_18_digital\) => Global
            Clock Enable: True
        Main Equation            : 2 pterms
        (
              \StripLights:B_WS2811:pwmTC\ * \StripLights:B_WS2811:state_1\ * 
              !\StripLights:B_WS2811:state_0\
            + !\StripLights:B_WS2811:state_1\ * 
              \StripLights:B_WS2811:bitCount_0\
        );
        Output = \StripLights:B_WS2811:bitCount_0\ (fanout=6)
        Properties               : 
        {
        }

    [McSlotId=3]: (empty)
}

datapathcell: Name =\StripLights:B_WS2811:dshifter:u0\
    PORT MAP (
        clock => \StripLights:Net_18_digital\ ,
        cs_addr_1 => \StripLights:B_WS2811:dpAddr_1\ ,
        cs_addr_0 => \StripLights:B_WS2811:dpAddr_0\ ,
        so_comb => \StripLights:B_WS2811:shiftOut\ ,
        f0_bus_stat_comb => \StripLights:B_WS2811:status_1\ ,
        f0_blk_stat_comb => \StripLights:B_WS2811:status_0\ );
    Properties:
    {
        a0_init = "00000000"
        a1_init = "00000000"
        ce0_sync = 1
        ce1_sync = 1
        cl0_sync = 1
        cl1_sync = 1
        cmsb_sync = 1
        co_msb_sync = 1
        cy_dpconfig = "0000000000000000000000001100000000000001010000000000000000000000000000000000000000000000000000000000000000000000000000000000000011111111000000001111111111111111000000000000000000000000000000000000000000000000"
        d0_init = "00000000"
        d1_init = "00000000"
        f0_blk_sync = 1
        f0_bus_sync = 1
        f1_blk_sync = 1
        f1_bus_sync = 1
        ff0_sync = 1
        ff1_sync = 1
        ov_msb_sync = 1
        so_sync = 1
        z0_sync = 1
        z1_sync = 1
    }
    Clock Polarity: Active High
    Clock Enable: True

statuscell: Name =\StripLights:B_WS2811:StatusReg\
    PORT MAP (
        status_7 => \StripLights:B_WS2811:control_0\ ,
        status_6 => \StripLights:B_WS2811:status_6\ ,
        status_1 => \StripLights:B_WS2811:status_1\ ,
        status_0 => \StripLights:B_WS2811:status_0\ );
    Properties:
    {
        cy_force_order = 1
        cy_md_select = "00000000"
    }
    Clock Enable: True

controlcell: Name =\StripLights:B_WS2811:ctrl\
    PORT MAP (
        control_7 => \StripLights:B_WS2811:control_7\ ,
        control_6 => \StripLights:B_WS2811:control_6\ ,
        control_5 => \StripLights:B_WS2811:control_5\ ,
        control_4 => \StripLights:B_WS2811:control_4\ ,
        control_3 => \StripLights:B_WS2811:control_3\ ,
        control_2 => \StripLights:B_WS2811:control_2\ ,
        control_1 => \StripLights:B_WS2811:control_1\ ,
        control_0 => \StripLights:B_WS2811:control_0\ );
    Properties:
    {
        cy_ctrl_mode_0 = "00000000"
        cy_ctrl_mode_1 = "00000000"
        cy_ext_reset = 0
        cy_force_order = 1
        cy_init_value = "00000000"
    }
    Clock Enable: True

UDB [UDB=(1,0)] is empty.
UDB [UDB=(1,1)] contents:
LAB@[UDB=(1,1)][LB=0] #macrocells=4, #inputs=11, #pterms=6
{
    [McSlotId=0]:     MacroCell: Name=Net_24, Mode=(Combinatorial) @ [UDB=(1,1)][LB=0][MC=0]
        Total # of inputs        : 5
        Total # of product terms : 1
            Clock Enable: True
        Main Equation            : 1 pterm
        (
              !\StripLights:saddr_3\ * !\StripLights:saddr_2\ * 
              !\StripLights:saddr_1\ * !\StripLights:saddr_0\ * 
              \StripLights:Net_64\
        );
        Output = Net_24 (fanout=1)
        Properties               : 
        {
        }

    [McSlotId=1]:     MacroCell: Name=\StripLights:Net_64\, Mode=(D-Register) @ [UDB=(1,1)][LB=0][MC=1]
        Total # of inputs        : 5
        Total # of product terms : 3
        List of special equations: 
            Clock  = (\StripLights:Net_18_digital\) => Global
            Clock Enable: True
        Main Equation            : 3 pterms
        (
              !\StripLights:B_WS2811:zeroCmp\ * 
              \StripLights:B_WS2811:state_1\ * 
              !\StripLights:B_WS2811:state_0\ * 
              !\StripLights:B_WS2811:shiftOut\
            + !\StripLights:B_WS2811:oneCmp\ * \StripLights:B_WS2811:state_1\ * 
              !\StripLights:B_WS2811:state_0\ * 
              \StripLights:B_WS2811:shiftOut\
            + !\StripLights:B_WS2811:state_1\ * 
              \StripLights:B_WS2811:state_0\
        );
        Output = \StripLights:Net_64\ (fanout=1)
        Properties               : 
        {
        }

    [McSlotId=2]:     MacroCell: Name=\StripLights:B_WS2811:dpAddr_0\, Mode=(D-Register) @ [UDB=(1,1)][LB=0][MC=2]
        Total # of inputs        : 3
        Total # of product terms : 2
        List of special equations: 
            Clock  = (\StripLights:Net_18_digital\) => Global
            Clock Enable: True
        Main Equation            : 2 pterms
        (
              !\StripLights:B_WS2811:state_1\ * 
              \StripLights:B_WS2811:state_0\
            + \StripLights:B_WS2811:state_0\ * 
              \StripLights:B_WS2811:dpAddr_0\
        );
        Output = \StripLights:B_WS2811:dpAddr_0\ (fanout=2)
        Properties               : 
        {
        }

    [McSlotId=3]:     MacroCell: Name=\StripLights:B_WS2811:status_6\, Mode=(D-Register) @ [UDB=(1,1)][LB=0][MC=3]
        Total # of inputs        : 2
        Total # of product terms : 1
        List of special equations: 
            Clock  = (\StripLights:Net_18_digital\) => Global
            Clock Enable: True
        Main Equation            : 1 pterm
        (
              \StripLights:B_WS2811:state_1\ * \StripLights:B_WS2811:state_0\
        );
        Output = \StripLights:B_WS2811:status_6\ (fanout=2)
        Properties               : 
        {
        }
}

LAB@[UDB=(1,1)][LB=1] #macrocells=3, #inputs=8, #pterms=5
{
    [McSlotId=0]:     MacroCell: Name=\StripLights:B_WS2811:pwmCntl\, Mode=(D-Register) @ [UDB=(1,1)][LB=1][MC=0]
        Total # of inputs        : 5
        Total # of product terms : 3
        List of special equations: 
            Clock  = (\StripLights:Net_18_digital\) => Global
            Clock Enable: True
        Main Equation            : 3 pterms
        !(
              \StripLights:B_WS2811:control_0\ * 
              !\StripLights:B_WS2811:status_0\ * 
              !\StripLights:B_WS2811:state_0\
            + \StripLights:B_WS2811:state_1\ * 
              !\StripLights:B_WS2811:state_0\
            + \StripLights:B_WS2811:state_1\ * 
              !\StripLights:B_WS2811:pwmCntl\
        );
        Output = \StripLights:B_WS2811:pwmCntl\ (fanout=2)
        Properties               : 
        {
        }

    [McSlotId=1]:     MacroCell: Name=\StripLights:Net_159\, Mode=(Combinatorial) @ [UDB=(1,1)][LB=1][MC=1]
        Total # of inputs        : 3
        Total # of product terms : 1
            Clock Enable: True
        Main Equation            : 1 pterm
        (
              \StripLights:B_WS2811:control_3\ * 
              \StripLights:B_WS2811:control_0\ * 
              \StripLights:B_WS2811:status_0\
        );
        Output = \StripLights:Net_159\ (fanout=1)
        Properties               : 
        {
        }

    [McSlotId=2]:     MacroCell: Name=Net_4, Mode=(Combinatorial) @ [UDB=(1,1)][LB=1][MC=2]
        Total # of inputs        : 3
        Total # of product terms : 1
            Clock Enable: True
        Main Equation            : 1 pterm
        (
              \StripLights:B_WS2811:control_4\ * 
              \StripLights:B_WS2811:control_0\ * 
              \StripLights:B_WS2811:status_6\
        );
        Output = Net_4 (fanout=1)
        Properties               : 
        {
        }

    [McSlotId=3]: (empty)
}

datapathcell: Name =\StripLights:B_WS2811:pwm8:u0\
    PORT MAP (
        clock => \StripLights:Net_18_digital\ ,
        cs_addr_1 => \StripLights:B_WS2811:pwmCntl\ ,
        cs_addr_0 => \StripLights:B_WS2811:pwmTC\ ,
        cl0_comb => \StripLights:B_WS2811:zeroCmp\ ,
        z0_comb => \StripLights:B_WS2811:pwmTC\ ,
        cl1_comb => \StripLights:B_WS2811:oneCmp\ );
    Properties:
    {
        a0_init = "00011000"
        a1_init = "00011000"
        ce0_sync = 1
        ce1_sync = 1
        cl0_sync = 1
        cl1_sync = 1
        cmsb_sync = 1
        co_msb_sync = 1
        cy_dpconfig = "0100000001000000000000001100000000000000110000000000000011000000000000000000000000000000000000000000000000000000000000000000000011111111000000001111111111111111101000000000000000000000000000000000000000000000"
        d0_init = "00010100"
        d1_init = "00001100"
        f0_blk_sync = 1
        f0_bus_sync = 1
        f1_blk_sync = 1
        f1_bus_sync = 1
        ff0_sync = 1
        ff1_sync = 1
        ov_msb_sync = 1
        so_sync = 1
        z0_sync = 1
        z1_sync = 1
    }
    Clock Polarity: Active High
    Clock Enable: True

controlcell: Name =\StripLights:StringSel:Sync:ctrl_reg\
    PORT MAP (
        control_7 => \StripLights:StringSel:control_7\ ,
        control_6 => \StripLights:StringSel:control_6\ ,
        control_5 => \StripLights:StringSel:control_5\ ,
        control_4 => \StripLights:StringSel:control_4\ ,
        control_3 => \StripLights:saddr_3\ ,
        control_2 => \StripLights:saddr_2\ ,
        control_1 => \StripLights:saddr_1\ ,
        control_0 => \StripLights:saddr_0\ );
    Properties:
    {
        cy_ctrl_mode_0 = "00000000"
        cy_ctrl_mode_1 = "00000000"
        cy_ext_reset = 0
        cy_force_order = 1
        cy_init_value = "00000000"
    }
    Clock Enable: True

Intr container @ [IntrContainer=(0)]: 
  Intr@ [IntrContainer=(0)][IntrId=(0)] 
    interrupt: Name =\StripLights:cisr\
        PORT MAP (
            interrupt => Net_4 );
        Properties:
        {
            int_type = "00"
            is_nmi = 0
        }
  Intr@ [IntrContainer=(0)][IntrId=(2)] 
    interrupt: Name =\StripLights:fisr\
        PORT MAP (
            interrupt => \StripLights:Net_159\ );
        Properties:
        {
            int_type = "00"
            is_nmi = 0
        }
Port 0 contains the following IO cells:
[IoId=1]: 
Pin : Name = SW1(0)
    Attributes:
        In Group/Port: True
        In Sync Option: NOSYNC
        Out Sync Option: AUTO
        Interrupt generated: False
        Interrupt mode: NONE
        Drive mode: RES_PULL_UP
        VTrip: CMOS
        Slew: FAST
        Input Sync needed: False
        Output Sync needed: False
        SC shield enabled: False
        POR State: ANY
        LCD Mode: COMMON
        Register Mode: RegComb
        CaSense Mode: NEITHER
        Treat as pin: True
        Is OE Registered: False
        Uses Analog: False
        Can contain Digital: True
        Is SIO: False
        SIO Output Buf: NONREGULATED
        SIO Input Buf: SINGLE_ENDED
        SIO HiFreq: LOW
        SIO Hyst: DISABLED
        SIO Vtrip: MULTIPLIER_0_5
        SIO Multiplier Index: 0
        SIO RefSel: VCC_IO
        Required Capabilities: DIGITAL
        Initial Value: 1
        IO Voltage: 0
    PORT MAP (
        pa_out => SW1(0)__PA ,
        annotation => Net_29 ,
        pad => SW1(0)_PAD );
    Properties:
    {
    }

[IoId=4]: 
Pin : Name = S0(0)
    Attributes:
        In Group/Port: True
        In Sync Option: AUTO
        Out Sync Option: NOSYNC
        Interrupt generated: False
        Interrupt mode: NONE
        Drive mode: CMOS_OUT
        VTrip: EITHER
        Slew: FAST
        Input Sync needed: False
        Output Sync needed: False
        SC shield enabled: False
        POR State: ANY
        LCD Mode: COMMON
        Register Mode: RegComb
        CaSense Mode: NEITHER
        Treat as pin: True
        Is OE Registered: False
        Uses Analog: False
        Can contain Digital: True
        Is SIO: False
        SIO Output Buf: NONREGULATED
        SIO Input Buf: SINGLE_ENDED
        SIO HiFreq: LOW
        SIO Hyst: DISABLED
        SIO Vtrip: MULTIPLIER_0_5
        SIO Multiplier Index: 0
        SIO RefSel: VCC_IO
        Required Capabilities: DIGITAL, ROUTABLE
        Initial Value: 1
        IO Voltage: 0
    PORT MAP (
        pa_out => S0(0)__PA ,
        pin_input => Net_24 ,
        annotation => Net_1 ,
        pad => S0(0)_PAD );
    Properties:
    {
    }

[IoId=5]: 
Pin : Name = \SPIS:miso_s(0)\
    Attributes:
        In Group/Port: True
        In Sync Option: NOSYNC
        Out Sync Option: NOSYNC
        Interrupt generated: False
        Interrupt mode: NONE
        Drive mode: CMOS_OUT
        VTrip: CMOS
        Slew: FAST
        Input Sync needed: False
        Output Sync needed: False
        SC shield enabled: False
        POR State: ANY
        LCD Mode: COMMON
        Register Mode: RegComb
        CaSense Mode: NEITHER
        Treat as pin: True
        Is OE Registered: False
        Uses Analog: False
        Can contain Digital: True
        Is SIO: False
        SIO Output Buf: NONREGULATED
        SIO Input Buf: SINGLE_ENDED
        SIO HiFreq: LOW
        SIO Hyst: DISABLED
        SIO Vtrip: MULTIPLIER_0_5
        SIO Multiplier Index: 0
        SIO RefSel: VCC_IO
        Required Capabilities: DIGITAL
        Initial Value: 1
        IO Voltage: 0
    PORT MAP (
        pa_out => \SPIS:miso_s(0)\__PA ,
        pin_input => \SPIS:miso_s_wire\ ,
        pad => \SPIS:miso_s(0)_PAD\ );
    Properties:
    {
    }

[IoId=6]: 
Pin : Name = \SPIS:sclk_s(0)\
    Attributes:
        In Group/Port: True
        In Sync Option: NOSYNC
        Out Sync Option: AUTO
        Interrupt generated: False
        Interrupt mode: NONE
        Drive mode: HI_Z_DIGITAL
        VTrip: CMOS
        Slew: FAST
        Input Sync needed: False
        Output Sync needed: False
        SC shield enabled: False
        POR State: ANY
        LCD Mode: COMMON
        Register Mode: RegComb
        CaSense Mode: NEITHER
        Treat as pin: True
        Is OE Registered: False
        Uses Analog: False
        Can contain Digital: True
        Is SIO: False
        SIO Output Buf: NONREGULATED
        SIO Input Buf: SINGLE_ENDED
        SIO HiFreq: LOW
        SIO Hyst: DISABLED
        SIO Vtrip: MULTIPLIER_0_5
        SIO Multiplier Index: 0
        SIO RefSel: VCC_IO
        Required Capabilities: DIGITAL
        Initial Value: 0
        IO Voltage: 0
    PORT MAP (
        pa_out => \SPIS:sclk_s(0)\__PA ,
        fb => \SPIS:sclk_s_wire\ ,
        pad => \SPIS:sclk_s(0)_PAD\ );
    Properties:
    {
    }

[IoId=7]: 
Pin : Name = \SPIS:ss_s(0)\
    Attributes:
        In Group/Port: True
        In Sync Option: NOSYNC
        Out Sync Option: AUTO
        Interrupt generated: False
        Interrupt mode: NONE
        Drive mode: HI_Z_DIGITAL
        VTrip: CMOS
        Slew: FAST
        Input Sync needed: False
        Output Sync needed: False
        SC shield enabled: False
        POR State: ANY
        LCD Mode: COMMON
        Register Mode: RegComb
        CaSense Mode: NEITHER
        Treat as pin: True
        Is OE Registered: False
        Uses Analog: False
        Can contain Digital: True
        Is SIO: False
        SIO Output Buf: NONREGULATED
        SIO Input Buf: SINGLE_ENDED
        SIO HiFreq: LOW
        SIO Hyst: DISABLED
        SIO Vtrip: MULTIPLIER_0_5
        SIO Multiplier Index: 0
        SIO RefSel: VCC_IO
        Required Capabilities: DIGITAL
        Initial Value: 0
        IO Voltage: 0
    PORT MAP (
        pa_out => \SPIS:ss_s(0)\__PA ,
        fb => \SPIS:Net_1297\ ,
        pad => \SPIS:ss_s(0)_PAD\ );
    Properties:
    {
    }

Port 1 contains the following IO cells:
Port 2 contains the following IO cells:
Port 3 contains the following IO cells:
[IoId=0]: 
Pin : Name = \SPIS:mosi_s(0)\
    Attributes:
        In Group/Port: True
        In Sync Option: NOSYNC
        Out Sync Option: AUTO
        Interrupt generated: False
        Interrupt mode: NONE
        Drive mode: HI_Z_DIGITAL
        VTrip: CMOS
        Slew: FAST
        Input Sync needed: False
        Output Sync needed: False
        SC shield enabled: False
        POR State: ANY
        LCD Mode: COMMON
        Register Mode: RegComb
        CaSense Mode: NEITHER
        Treat as pin: True
        Is OE Registered: False
        Uses Analog: False
        Can contain Digital: True
        Is SIO: False
        SIO Output Buf: NONREGULATED
        SIO Input Buf: SINGLE_ENDED
        SIO HiFreq: LOW
        SIO Hyst: DISABLED
        SIO Vtrip: MULTIPLIER_0_5
        SIO Multiplier Index: 0
        SIO RefSel: VCC_IO
        Required Capabilities: DIGITAL
        Initial Value: 0
        IO Voltage: 0
    PORT MAP (
        pa_out => \SPIS:mosi_s(0)\__PA ,
        fb => \SPIS:mosi_s_wire\ ,
        pad => \SPIS:mosi_s(0)_PAD\ );
    Properties:
    {
    }

Port 4 contains the following IO cells:
ARM group 0: empty
Clock group 0: 
    Clock Block @ F(Clock,0): 
    m0s8clockblockcell: Name =ClockBlock
        PORT MAP (
            hfclk => ClockBlock_HFClk ,
            imo => ClockBlock_IMO ,
            ext => ClockBlock_ExtClk ,
            sysclk => ClockBlock_SysClk ,
            ilo => ClockBlock_ILO ,
            lfclk => ClockBlock_LFClk ,
            dsi_in_0 => ClockBlock_Routed1 ,
            udb_div_0 => dclk_to_genclk ,
            ff_div_2 => \SPIS:Net_847_ff2\ );
        Properties:
        {
        }
LCD group 0: empty
PICU group 0: empty
LPCOMP group 0: empty
SCB group 0: 
    SCB Block @ F(SCB,1): 
    m0s8scbcell: Name =\SPIS:SCB\
        PORT MAP (
            clock => \SPIS:Net_847_ff2\ ,
            interrupt => Net_33 ,
            uart_tx => \SPIS:tx_wire\ ,
            uart_rts => \SPIS:rts_wire\ ,
            mosi_m => \SPIS:mosi_m_wire\ ,
            select_m_3 => \SPIS:select_m_wire_3\ ,
            select_m_2 => \SPIS:select_m_wire_2\ ,
            select_m_1 => \SPIS:select_m_wire_1\ ,
            select_m_0 => \SPIS:select_m_wire_0\ ,
            sclk_m => \SPIS:sclk_m_wire\ ,
            mosi_s => \SPIS:mosi_s_wire\ ,
            miso_s => \SPIS:miso_s_wire\ ,
            select_s => \SPIS:Net_1297\ ,
            sclk_s => \SPIS:sclk_s_wire\ ,
            tr_tx_req => Net_36 ,
            tr_rx_req => Net_35 );
        Properties:
        {
            cy_registers = ""
            scb_mode = 1
        }
CSD group 0: empty
CSIDAC8 group 0: empty
CSIDAC7 group 0: empty
TCPWM group 0: empty
OA group 0: empty
TEMP group 0: empty
SARADC group 0: empty
CLK_GEN group 0: 
    M0S8 Clock Gen Block @ F(CLK_GEN,0): 
    m0s8clockgenblockcell: Name =ClockGenBlock
        PORT MAP (
            gen_clk_out_0 => \StripLights:Net_18_digital\ ,
            gen_clk_in_0 => dclk_to_genclk );
        Properties:
        {
        }
LPCOMPBLOCK group 0: empty
PASSBLOCK group 0: empty
WCO group 0: empty
SRSS group 0: empty
CPUSS group 0: empty
</CYPRESSTAG>
<CYPRESSTAG name="Port Configuration Details">

------------------------------------------------------------
Port Configuration report
------------------------------------------------------------
     |     |       | Interrupt |                  |                  | 
Port | Pin | Fixed |      Type |       Drive Mode |             Name | Connections
-----+-----+-------+-----------+------------------+------------------+-----------------------
   0 |   1 |     * |      NONE |      RES_PULL_UP |           SW1(0) | 
     |   4 |     * |      NONE |         CMOS_OUT |            S0(0) | In(Net_24)
     |   5 |     * |      NONE |         CMOS_OUT | \SPIS:miso_s(0)\ | In(\SPIS:miso_s_wire\)
     |   6 |     * |      NONE |     HI_Z_DIGITAL | \SPIS:sclk_s(0)\ | FB(\SPIS:sclk_s_wire\)
     |   7 |     * |      NONE |     HI_Z_DIGITAL |   \SPIS:ss_s(0)\ | FB(\SPIS:Net_1297\)
-----+-----+-------+-----------+------------------+------------------+-----------------------
   3 |   0 |     * |      NONE |     HI_Z_DIGITAL | \SPIS:mosi_s(0)\ | FB(\SPIS:mosi_s_wire\)
---------------------------------------------------------------------------------------------
</CYPRESSTAG>
</CYPRESSTAG>
</CYPRESSTAG>
Digital component placer commit/Report: Elapsed time ==> 0s.023ms
Digital Placement phase: Elapsed time ==> 1s.151ms
</CYPRESSTAG>
<CYPRESSTAG name="Digital Routing">
"C:\Program Files (x86)\Cypress\PSoC Creator\4.1\PSoC Creator\bin/sjrouter.exe" --xml-path "C:\Program Files (x86)\Cypress\PSoC Creator\4.1\PSoC Creator\dev\psoc4/psoc4a/route_arch-rrg.cydata" --vh2-path "PSOC_Top_r.vh2" --pcf-path "PSOC_Top.pco" --des-name "PSOC_Top" --dsf-path "PSOC_Top.dsf" --sdc-path "PSOC_Top.sdc" --lib-path "PSOC_Top_r.lib"
Routing successful.
Digital Routing phase: Elapsed time ==> 1s.328ms
</CYPRESSTAG>
<CYPRESSTAG name="Bitstream Generation">
Bitstream Generation phase: Elapsed time ==> 0s.316ms
</CYPRESSTAG>
<CYPRESSTAG name="Bitstream Verification">
Bitstream Verification phase: Elapsed time ==> 0s.050ms
</CYPRESSTAG>
<CYPRESSTAG name="Static timing analysis">
Timing report is in PSOC_Top_timing.html.
Static timing analysis phase: Elapsed time ==> 0s.634ms
</CYPRESSTAG>
<CYPRESSTAG name="Data reporting">
Data reporting phase: Elapsed time ==> 0s.000ms
</CYPRESSTAG>
<CYPRESSTAG name="Database update...">
Design database save phase: Elapsed time ==> 0s.322ms
</CYPRESSTAG>
cydsfit: Elapsed time ==> 4s.657ms
</CYPRESSTAG>
Fitter phase: Elapsed time ==> 4s.658ms
API generation phase: Elapsed time ==> 3s.882ms
Dependency generation phase: Elapsed time ==> 0s.070ms
Cleanup phase: Elapsed time ==> 0s.001ms
